-3 -3
693 35
692 35
691 35
691 36
690 36
689 36
689 37
688 37
687 37
686 37
686 36
686 35
685 35
684 35
684 34
683 34
683 33
682 33
681 33
681 32
680 32
679 32
678 32
678 33
678 34
677 34
677 35
677 36
676 36
675 36
674 36
673 36
672 36
671 36
670 36
670 35
669 35
668 35
667 35
667 34
667 33
668 33
669 33
669 32
669 31
668 31
668 30
668 29
667 29
667 28
666 28
665 28
664 28
664 27
663 27
663 26
662 26
661 26
661 27
660 27
660 26
660 25
659 25
658 25
658 24
658 23
657 23
656 23
656 22
655 22
655 21
654 21
653 21
652 21
652 20
651 20
650 20
649 20
649 19
648 19
647 19
646 19
645 19
645 18
644 18
643 18
643 17
642 17
642 16
642 15
642 14
641 14
641 13
640 13
640 12
640 11
639 11
639 10
638 10
637 10
636 10
635 10
634 10
633 10
632 10
631 10
630 10
630 9
629 9
629 8
628 8
627 8
626 8
625 8
625 9
624 9
623 9
622 9
621 9
620 9
619 9
618 9
617 9
616 9
616 10
616 11
617 11
617 12
617 13
616 13
615 13
615 12
614 12
614 11
613 11
612 11
611 11
610 11
609 11
608 11
608 12
607 12
606 12
606 13
605 13
605 14
604 14
603 14
602 14
602 15
601 15
601 16
600 16
599 16
598 16
598 17
597 17
597 18
596 18
595 18
595 19
594 19
593 19
593 20
593 21
592 21
592 22
591 22
590 22
590 23
589 23
588 23
588 22
588 21
587 21
587 20
586 20
585 20
584 20
583 20
582 20
581 20
580 20
579 20
579 21
578 21
577 21
576 21
575 21
574 21
574 22
573 22
572 22
571 22
571 21
570 21
569 21
568 21
567 21
566 21
565 21
564 21
563 21
562 21
562 20
561 20
560 20
559 20
559 19
558 19
557 19
556 19
555 19
554 19
553 19
552 19
551 19
550 19
550 18
550 17
549 17
549 16
548 16
548 15
547 15
546 15
545 15
544 15
544 14
543 14
542 14
542 15
541 15
540 15
539 15
539 16
538 16
537 16
537 17
536 17
535 17
534 17
533 17
532 17
532 16
531 16
530 16
529 16
529 17
528 17
527 17
526 17
525 17
524 17
523 17
522 17
521 17
520 17
519 17
518 17
518 18
517 18
517 19
517 20
517 21
517 22
517 23
516 23
516 24
516 25
515 25
514 25
513 25
513 24
512 24
511 24
511 25
510 25
510 24
509 24
508 24
508 25
508 26
507 26
506 26
505 26
505 27
505 28
504 28
503 28
503 29
502 29
501 29
500 29
500 30
499 30
498 30
498 29
498 28
497 28
497 27
496 27
496 26
495 26
495 25
494 25
494 24
493 24
492 24
491 24
490 24
490 25
489 25
489 26
489 27
489 28
489 29
489 30
488 30
488 31
487 31
486 31
486 32
485 32
485 33
484 33
483 33
482 33
482 34
481 34
480 34
479 34
478 34
477 34
477 33
476 33
475 33
475 34
474 34
473 34
473 33
472 33
471 33
471 34
470 34
470 35
469 35
468 35
468 36
467 36
467 37
467 38
466 38
465 38
464 38
464 39
463 39
462 39
462 40
461 40
460 40
459 40
458 40
457 40
456 40
456 41
455 41
454 41
454 40
453 40
452 40
452 41
451 41
451 42
450 42
449 42
448 42
448 41
447 41
447 40
446 40
445 40
444 40
443 40
442 40
441 40
440 40
439 40
439 39
439 38
438 38
437 38
437 39
436 39
436 40
435 40
434 40
434 39
434 38
433 38
433 37
432 37
432 36
431 36
431 35
430 35
430 34
429 34
429 33
429 32
428 32
428 31
427 31
427 30
426 30
425 30
424 30
423 30
422 30
422 29
421 29
420 29
419 29
418 29
417 29
417 30
417 31
417 32
418 32
418 33
418 34
418 35
417 35
416 35
415 35
415 34
414 34
413 34
412 34
412 35
412 36
411 36
410 36
409 36
408 36
407 36
407 35
406 35
405 35
404 35
403 35
402 35
401 35
401 34
401 33
401 32
400 32
400 31
399 31
398 31
398 30
397 30
396 30
396 29
395 29
394 29
393 29
392 29
391 29
391 28
391 27
391 26
390 26
389 26
388 26
387 26
387 25
387 24
387 23
387 22
387 21
386 21
385 21
385 22
384 22
384 23
383 23
383 24
382 24
381 24
380 24
380 25
379 25
378 25
377 25
376 25
375 25
375 26
374 26
373 26
372 26
371 26
370 26
369 26
368 26
368 25
367 25
366 25
365 25
364 25
363 25
362 25
361 25
360 25
360 26
359 26
359 27
359 28
360 28
360 29
361 29
362 29
362 30
363 30
364 30
365 30
365 31
366 31
366 32
366 33
365 33
365 34
365 35
366 35
366 36
366 37
367 37
367 38
367 39
366 39
365 39
365 38
364 38
363 38
362 38
361 38
360 38
359 38
358 38
358 39
357 39
356 39
355 39
354 39
354 40
354 41
353 41
352 41
351 41
350 41
349 41
348 41
347 41
346 41
346 42
345 42
345 43
344 43
343 43
343 42
342 42
341 42
341 43
340 43
340 44
339 44
339 45
339 46
338 46
338 47
338 48
338 49
338 50
338 51
339 51
340 51
340 52
340 53
340 54
341 54
341 55
341 56
341 57
342 57
342 58
342 59
342 60
343 60
343 61
343 62
344 62
344 63
345 63
346 63
347 63
347 64
347 65
347 66
346 66
346 67
346 68
345 68
345 69
344 69
343 69
342 69
342 70
341 70
340 70
339 70
339 71
338 71
337 71
337 72
336 72
335 72
334 72
333 72
332 72
332 73
331 73
330 73
329 73
328 73
327 73
327 72
326 72
325 72
324 72
324 71
324 70
324 69
323 69
322 69
322 70
321 70
321 71
320 71
320 72
320 73
320 74
319 74
318 74
317 74
316 74
316 75
315 75
314 75
313 75
313 76
312 76
311 76
310 76
309 76
308 76
307 76
307 75
306 75
305 75
305 74
304 74
304 73
303 73
302 73
302 72
301 72
300 72
299 72
299 71
298 71
297 71
296 71
296 72
295 72
294 72
293 72
292 72
291 72
290 72
289 72
288 72
288 71
287 71
286 71
285 71
284 71
283 71
283 70
282 70
282 69
282 68
282 67
282 66
281 66
281 65
281 64
281 63
280 63
280 62
279 62
279 61
278 61
278 60
277 60
277 59
276 59
276 58
275 58
274 58
273 58
273 59
273 60
273 61
272 61
272 62
271 62
271 63
270 63
269 63
268 63
268 64
267 64
266 64
265 64
264 64
264 63
263 63
262 63
262 64
261 64
260 64
260 65
259 65
259 66
259 67
259 68
258 68
258 69
257 69
257 70
257 71
257 72
258 72
258 73
258 74
258 75
258 76
258 77
258 78
258 79
259 79
259 80
259 81
259 82
259 83
258 83
258 84
258 85
257 85
257 86
256 86
256 87
255 87
255 88
254 88
254 89
253 89
253 90
253 91
252 91
251 91
251 92
250 92
250 93
249 93
249 94
248 94
247 94
246 94
245 94
244 94
243 94
243 95
243 96
242 96
241 96
240 96
239 96
239 95
239 94
238 94
237 94
237 93
236 93
235 93
235 92
235 91
234 91
234 90
233 90
233 89
233 88
234 88
234 87
235 87
235 86
236 86
236 85
236 84
237 84
237 83
237 82
236 82
235 82
235 83
234 83
233 83
233 82
232 82
231 82
230 82
230 81
230 80
229 80
229 79
228 79
228 78
228 77
227 77
226 77
226 76
225 76
225 75
225 74
225 73
225 72
226 72
226 71
226 70
226 69
226 68
226 67
225 67
225 66
224 66
224 65
223 65
223 64
223 63
222 63
221 63
220 63
220 64
220 65
219 65
218 65
218 64
218 63
217 63
216 63
215 63
214 63
213 63
212 63
212 62
211 62
210 62
210 63
210 64
210 65
211 65
211 66
210 66
210 67
209 67
209 68
209 69
209 70
208 70
208 71
208 72
208 73
208 74
208 75
208 76
208 77
209 77
210 77
210 78
211 78
212 78
213 78
213 77
214 77
215 77
215 78
215 79
216 79
216 80
217 80
218 80
218 81
218 82
218 83
219 83
220 83
220 84
220 85
221 85
222 85
222 86
223 86
223 87
224 87
224 88
225 88
225 89
225 90
225 91
225 92
225 93
225 94
224 94
224 95
224 96
223 96
223 97
223 98
223 99
223 100
222 100
222 101
221 101
221 102
220 102
219 102
218 102
217 102
217 103
216 103
215 103
214 103
213 103
212 103
211 103
211 104
211 105
210 105
209 105
209 104
209 103
209 102
208 102
207 102
206 102
206 103
206 104
206 105
205 105
205 106
205 107
205 108
204 108
203 108
203 109
202 109
201 109
201 110
200 110
199 110
199 111
198 111
197 111
196 111
196 110
195 110
194 110
194 111
194 112
193 112
193 113
192 113
192 114
191 114
190 114
189 114
189 115
188 115
188 116
188 117
188 118
188 119
188 120
189 120
189 121
190 121
190 122
191 122
192 122
192 121
193 121
194 121
195 121
195 122
195 123
194 123
194 124
193 124
193 125
192 125
191 125
190 125
189 125
189 124
188 124
188 123
187 123
187 122
186 122
186 121
185 121
185 120
184 120
184 119
183 119
183 118
182 118
182 117
181 117
181 116
180 116
180 115
179 115
179 114
178 114
178 113
177 113
177 112
176 112
176 111
176 110
175 110
175 109
174 109
174 108
174 107
173 107
173 106
172 106
172 105
172 104
171 104
171 103
170 103
170 102
170 101
169 101
169 100
169 99
168 99
168 98
168 97
167 97
167 96
166 96
166 95
166 94
165 94
165 93
165 92
164 92
164 91
164 90
163 90
163 89
163 88
162 88
162 87
161 87
161 86
161 85
160 85
160 84
159 84
159 83
158 83
158 82
157 82
157 81
157 80
156 80
156 79
155 79
155 78
154 78
154 77
153 77
153 76
152 76
151 76
151 75
150 75
150 74
149 74
149 73
148 73
148 72
147 72
146 72
146 71
145 71
145 70
144 70
144 69
143 69
142 69
142 68
141 68
141 67
140 67
139 67
139 66
138 66
137 66
137 65
136 65
135 65
135 64
134 64
133 64
132 64
132 63
131 63
130 63
129 63
128 63
127 63
126 63
125 63
124 63
123 63
122 63
122 64
121 64
120 64
120 65
119 65
118 65
117 65
117 66
116 66
115 66
115 65
115 64
116 64
116 63
117 63
118 63
118 62
117 62
117 61
116 61
115 61
114 61
113 61
113 60
112 60
111 60
110 60
109 60
108 60
107 60
106 60
105 60
104 60
104 61
103 61
102 61
101 61
100 61
100 62
99 62
98 62
98 63
97 63
96 63
96 64
95 64
94 64
94 65
93 65
93 66
93 67
93 68
94 68
94 69
95 69
95 70
95 71
94 71
93 71
92 71
91 71
91 70
90 70
89 70
89 69
88 69
87 69
86 69
86 68
85 68
84 68
84 67
83 67
82 67
82 66
81 66
80 66
79 66
79 65
78 65
77 65
77 64
76 64
75 64
75 63
74 63
74 62
73 62
73 61
72 61
72 60
71 60
71 59
70 59
70 58
69 58
69 57
68 57
68 56
67 56
67 55
66 55
66 54
65 54
65 53
64 53
64 52
63 52
63 51
62 51
62 50
62 49
61 49
61 48
60 48
60 47
59 47
59 46
58 46
58 45
57 45
57 44
56 44
56 43
55 43
55 42
54 42
54 41
54 40
53 40
53 39
52 39
52 38
51 38
51 37
50 37
50 36
49 36
49 35
48 35
48 34
47 34
47 33
46 33
46 32
45 32
45 31
44 31
44 30
43 30
43 29
42 29
41 29
41 28
40 28
40 27
39 27
39 26
38 26
38 25
37 25
36 25
36 24
35 24
35 23
34 23
34 22
33 22
32 22
32 21
31 21
30 21
30 20
29 20
29 19
28 19
28 18
27 18
27 17
26 17
25 17
25 16
24 16
23 16
23 15
22 15
21 15
21 14
20 14
19 14
19 13
18 13
18 12
17 12
17 11
16 11
15 11
15 10
14 10
14 9
13 9
12 9
12 8
11 8
11 7
10 7
9 7
9 6
8 6
7 6
6 6
5 6
4 6
3 6
2 6
1 6
-10 -10
